2026-06-08 20:50:25,360 [INFO] [finance_service.py:import_from_csv:172] - Nhập dữ liệu thành công! Đã thêm 67 dòng dữ liệu từ CSV vào bảng transactions.
2026-06-08 20:50:25,368 [INFO] [main_controller.py:_on_import_success:102] - Nhập dữ liệu CSV thành công từ background thread.
2026-06-08 20:50:25,540 [DEBUG] [main_controller.py:refresh_history:229] - Yêu cầu refresh danh sách lịch sử giao dịch hiển thị.
2026-06-08 20:50:25,541 [DEBUG] [finance_service.py:get_recent_transactions:280] - Gọi get_recent_transactions(limit=None, keyword='')
2026-06-08 20:50:25,541 [DEBUG] [database.py:get_connection:19] - Đang kết nối tới SQLite Database: C:\Users\huytr\Documents\VS Code\Python\BTL\ltpt-btl-20261-tt02b_group-7\data\finance.db
2026-06-08 20:50:25,544 [DEBUG] [database.py:get_connection:22] - Kết nối SQLite thành công.
2026-06-08 20:50:25,545 [DEBUG] [database.py:db_session:50] - Đã đóng kết nối Database an toàn qua db_session.
2026-06-08 20:50:25,545 [DEBUG] [finance_service.py:get_recent_transactions:300] - Lấy danh sách giao dịch gần đây thành công: Tìm thấy 223 bản ghi.
2026-06-08 20:50:25,548 [INFO] [main_window.py:apply_filters:328] - Bắt đầu thực hiện tìm kiếm / lọc giao dịch...
2026-06-08 20:50:25,706 [DEBUG] [main_window.py:task:357] - Đang chạy thread lọc dữ liệu ngầm. Từ khóa: '', Loại: 'Tất cả', Số lượng thô: 223
2026-06-08 20:50:25,707 [DEBUG] [main_window.py:task:408] - Đang sắp xếp ngầm danh sách đã lọc theo: 'Thời gian' (desc)
2026-06-08 20:50:26,058 [DEBUG] [main_window.py:task:425] - Thread lọc ngầm hoàn tất thành công. Số kết quả: 17
2026-06-08 20:50:26,291 [INFO] [main_window.py:_on_filter_success:442] - Đã cập nhật kết quả lọc lên giao diện. Tìm thấy 17 bản ghi.
2026-06-08 21:35:39,283 [INFO] [main.py:main:55] - Ứng dụng kết thúc bình thường.
2026-06-08 21:36:16,487 [INFO] [main.py:main:25] - =========================================
2026-06-08 21:36:16,487 [INFO] [main.py:main:26] - Khởi chạy ứng dụng Quản Lý Chi Tiêu Cá Nhân...
2026-06-08 21:36:16,487 [INFO] [main.py:main:27] - =========================================
2026-06-08 21:36:16,487 [INFO] [main.py:main:31] - Đang khởi tạo cơ sở dữ liệu...
2026-06-08 21:36:16,487 [INFO] [database.py:initialize_db:53] - Bắt đầu khởi tạo các bảng cơ sở dữ liệu...
2026-06-08 21:36:16,487 [DEBUG] [database.py:get_connection:19] - Đang kết nối tới SQLite Database: C:\Users\huytr\Documents\VS Code\Python\BTL\ltpt-btl-20261-tt02b_group-7\data\finance.db
2026-06-08 21:36:16,491 [DEBUG] [database.py:get_connection:22] - Kết nối SQLite thành công.
2026-06-08 21:36:16,491 [DEBUG] [database.py:initialize_db:59] - Đang tạo bảng transactions nếu chưa tồn tại...
2026-06-08 21:36:16,496 [DEBUG] [database.py:initialize_db:71] - Đang tạo bảng categories nếu chưa tồn tại...
2026-06-08 21:36:16,497 [DEBUG] [database.py:initialize_db:79] - Đang tạo bảng budgets nếu chưa tồn tại...
2026-06-08 21:36:16,497 [DEBUG] [database.py:initialize_db:90] - Đang tạo bảng savings_goals nếu chưa tồn tại...
2026-06-08 21:36:16,497 [DEBUG] [database.py:initialize_db:99] - Kiểm tra và nạp danh mục mặc định...
2026-06-08 21:36:16,497 [INFO] [database.py:initialize_db:107] - Tất cả các bảng DB đã được khởi tạo và commit thành công.
2026-06-08 21:36:16,497 [DEBUG] [database.py:initialize_db:117] - Đã đóng kết nối Database an toàn.
2026-06-08 21:36:16,497 [INFO] [main.py:main:33] - Khởi tạo cơ sở dữ liệu thành công.
2026-06-08 21:36:16,497 [INFO] [main.py:main:41] - Đang khởi tạo các thành phần giao diện MVC...
2026-06-08 21:36:16,883 [INFO] [main_window.py:__init__:96] - MainWindow initialized and UI components rendered.
2026-06-08 21:36:16,883 [DEBUG] [finance_service.py:__init__:19] - Khởi tạo FinanceService thành công.
2026-06-08 21:36:16,883 [DEBUG] [main_controller.py:__init__:22] - Khởi tạo MainController kết nối với View và FinanceService.
2026-06-08 21:36:16,883 [INFO] [main_controller.py:load_initial_data:238] - Bắt đầu nạp dữ liệu ban đầu khi khởi động ứng dụng...
2026-06-08 21:36:16,883 [DEBUG] [main_controller.py:refresh_history:229] - Yêu cầu refresh danh sách lịch sử giao dịch hiển thị.
2026-06-08 21:36:16,883 [DEBUG] [finance_service.py:get_recent_transactions:280] - Gọi get_recent_transactions(limit=None, keyword='')
2026-06-08 21:36:16,884 [DEBUG] [database.py:get_connection:19] - Đang kết nối tới SQLite Database: C:\Users\huytr\Documents\VS Code\Python\BTL\ltpt-btl-20261-tt02b_group-7\data\finance.db
2026-06-08 21:36:16,884 [DEBUG] [database.py:get_connection:22] - Kết nối SQLite thành công.
2026-06-08 21:36:16,886 [DEBUG] [database.py:db_session:50] - Đã đóng kết nối Database an toàn qua db_session.
2026-06-08 21:36:16,886 [DEBUG] [finance_service.py:get_recent_transactions:300] - Lấy danh sách giao dịch gần đây thành công: Tìm thấy 223 bản ghi.
2026-06-08 21:36:16,888 [INFO] [main_window.py:apply_filters:328] - Bắt đầu thực hiện tìm kiếm / lọc giao dịch...
2026-06-08 21:36:16,919 [DEBUG] [main_window.py:task:357] - Đang chạy thread lọc dữ liệu ngầm. Từ khóa: '', Loại: 'Tất cả', Số lượng thô: 223
2026-06-08 21:36:16,921 [DEBUG] [main_window.py:task:408] - Đang sắp xếp ngầm danh sách đã lọc theo: 'Thời gian' (desc)
2026-06-08 21:36:16,919 [INFO] [main_controller.py:load_initial_data:241] - Nạp dữ liệu ban đầu hoàn tất.
2026-06-08 21:36:16,922 [INFO] [main.py:main:45] - Khởi tạo MVC hoàn tất.
2026-06-08 21:36:16,922 [INFO] [main.py:main:53] - Bắt đầu chạy mainloop của ứng dụng...
2026-06-08 21:36:17,273 [DEBUG] [main_window.py:task:425] - Thread lọc ngầm hoàn tất thành công. Số kết quả: 223
2026-06-08 21:36:17,622 [INFO] [main_window.py:_on_filter_success:442] - Đã cập nhật kết quả lọc lên giao diện. Tìm thấy 223 bản ghi.
2026-06-08 21:36:38,977 [INFO] [main_controller.py:import_csv:89] - Controller nhận yêu cầu nhập CSV từ: C:/Users/huytr/Documents/VS Code/Python/BTL/ltpt-btl-20261-tt02b_group-7/transactions_1000.csv
2026-06-08 21:36:39,385 [INFO] [finance_service.py:import_from_csv:114] - Bắt đầu nhập giao dịch từ file CSV: C:/Users/huytr/Documents/VS Code/Python/BTL/ltpt-btl-20261-tt02b_group-7/transactions_1000.csv
2026-06-08 21:36:39,606 [DEBUG] [finance_service.py:import_from_csv:118] - Đã đọc file CSV. Số dòng dữ liệu thô: 67
2026-06-08 21:36:40,030 [DEBUG] [database.py:get_connection:19] - Đang kết nối tới SQLite Database: C:\Users\huytr\Documents\VS Code\Python\BTL\ltpt-btl-20261-tt02b_group-7\data\finance.db
2026-06-08 21:36:40,030 [DEBUG] [database.py:get_connection:22] - Kết nối SQLite thành công.
2026-06-08 21:36:40,098 [DEBUG] [database.py:db_session:39] - Database transaction committed thành công.
2026-06-08 21:36:40,098 [DEBUG] [database.py:db_session:50] - Đã đóng kết nối Database an toàn qua db_session.
2026-06-08 21:36:40,098 [INFO] [finance_service.py:import_from_csv:172] - Nhập dữ liệu thành công! Đã thêm 67 dòng dữ liệu từ CSV vào bảng transactions.
2026-06-08 21:36:40,100 [INFO] [main_controller.py:_on_import_success:102] - Nhập dữ liệu CSV thành công từ background thread.
2026-06-08 21:36:40,450 [DEBUG] [main_controller.py:refresh_history:229] - Yêu cầu refresh danh sách lịch sử giao dịch hiển thị.
2026-06-08 21:36:40,451 [DEBUG] [finance_service.py:get_recent_transactions:280] - Gọi get_recent_transactions(limit=None, keyword='')
2026-06-08 21:36:40,451 [DEBUG] [database.py:get_connection:19] - Đang kết nối tới SQLite Database: C:\Users\huytr\Documents\VS Code\Python\BTL\ltpt-btl-20261-tt02b_group-7\data\finance.db
2026-06-08 21:36:40,454 [DEBUG] [database.py:get_connection:22] - Kết nối SQLite thành công.
2026-06-08 21:36:40,455 [DEBUG] [database.py:db_session:50] - Đã đóng kết nối Database an toàn qua db_session.
2026-06-08 21:36:40,455 [DEBUG] [finance_service.py:get_recent_transactions:300] - Lấy danh sách giao dịch gần đây thành công: Tìm thấy 290 bản ghi.
2026-06-08 21:36:40,457 [INFO] [main_window.py:apply_filters:328] - Bắt đầu thực hiện tìm kiếm / lọc giao dịch...
2026-06-08 21:36:40,683 [DEBUG] [main_window.py:task:357] - Đang chạy thread lọc dữ liệu ngầm. Từ khóa: '', Loại: 'Tất cả', Số lượng thô: 290
2026-06-08 21:36:40,684 [DEBUG] [main_window.py:task:408] - Đang sắp xếp ngầm danh sách đã lọc theo: 'Thời gian' (desc)
2026-06-08 21:36:41,037 [DEBUG] [main_window.py:task:425] - Thread lọc ngầm hoàn tất thành công. Số kết quả: 290
2026-06-08 21:36:41,310 [INFO] [main_window.py:_on_filter_success:442] - Đã cập nhật kết quả lọc lên giao diện. Tìm thấy 290 bản ghi.
2026-06-08 21:37:43,986 [INFO] [main_controller.py:import_csv:89] - Controller nhận yêu cầu nhập CSV từ: C:/Users/huytr/Downloads/transactions_1000.csv
2026-06-08 21:37:44,400 [INFO] [finance_service.py:import_from_csv:114] - Bắt đầu nhập giao dịch từ file CSV: C:/Users/huytr/Downloads/transactions_1000.csv
2026-06-08 21:37:44,414 [DEBUG] [finance_service.py:import_from_csv:118] - Đã đọc file CSV. Số dòng dữ liệu thô: 1000
2026-06-08 21:37:44,420 [DEBUG] [database.py:get_connection:19] - Đang kết nối tới SQLite Database: C:\Users\huytr\Documents\VS Code\Python\BTL\ltpt-btl-20261-tt02b_group-7\data\finance.db
2026-06-08 21:37:44,421 [DEBUG] [database.py:get_connection:22] - Kết nối SQLite thành công.
2026-06-08 21:37:44,428 [DEBUG] [database.py:db_session:39] - Database transaction committed thành công.
2026-06-08 21:37:44,429 [DEBUG] [database.py:db_session:50] - Đã đóng kết nối Database an toàn qua db_session.
2026-06-08 21:37:44,429 [INFO] [finance_service.py:import_from_csv:172] - Nhập dữ liệu thành công! Đã thêm 1000 dòng dữ liệu từ CSV vào bảng transactions.
2026-06-08 21:37:44,440 [INFO] [main_controller.py:_on_import_success:102] - Nhập dữ liệu CSV thành công từ background thread.
2026-06-08 21:37:44,790 [DEBUG] [main_controller.py:refresh_history:229] - Yêu cầu refresh danh sách lịch sử giao dịch hiển thị.
2026-06-08 21:37:44,790 [DEBUG] [finance_service.py:get_recent_transactions:280] - Gọi get_recent_transactions(limit=None, keyword='')
2026-06-08 21:37:44,791 [DEBUG] [database.py:get_connection:19] - Đang kết nối tới SQLite Database: C:\Users\huytr\Documents\VS Code\Python\BTL\ltpt-btl-20261-tt02b_group-7\data\finance.db
2026-06-08 21:37:44,793 [DEBUG] [database.py:get_connection:22] - Kết nối SQLite thành công.
2026-06-08 21:37:44,797 [DEBUG] [database.py:db_session:50] - Đã đóng kết nối Database an toàn qua db_session.
2026-06-08 21:37:44,797 [DEBUG] [finance_service.py:get_recent_transactions:300] - Lấy danh sách giao dịch gần đây thành công: Tìm thấy 1290 bản ghi.
2026-06-08 21:37:44,812 [INFO] [main_window.py:apply_filters:328] - Bắt đầu thực hiện tìm kiếm / lọc giao dịch...
2026-06-08 21:37:45,102 [DEBUG] [main_window.py:task:357] - Đang chạy thread lọc dữ liệu ngầm. Từ khóa: '', Loại: 'Tất cả', Số lượng thô: 1290
2026-06-08 21:37:45,111 [DEBUG] [main_window.py:task:408] - Đang sắp xếp ngầm danh sách đã lọc theo: 'Thời gian' (desc)
2026-06-08 21:37:45,475 [DEBUG] [main_window.py:task:425] - Thread lọc ngầm hoàn tất thành công. Số kết quả: 1290
2026-06-08 21:37:45,839 [INFO] [main_window.py:_on_filter_success:442] - Đã cập nhật kết quả lọc lên giao diện. Tìm thấy 1290 bản ghi.
2026-06-08 21:38:20,585 [INFO] [main.py:main:55] - Ứng dụng kết thúc bình thường.
2026-06-08 21:38:33,506 [INFO] [main.py:main:25] - =========================================
2026-06-08 21:38:33,506 [INFO] [main.py:main:26] - Khởi chạy ứng dụng Quản Lý Chi Tiêu Cá Nhân...
2026-06-08 21:38:33,507 [INFO] [main.py:main:27] - =========================================
2026-06-08 21:38:33,507 [INFO] [main.py:main:31] - Đang khởi tạo cơ sở dữ liệu...
2026-06-08 21:38:33,507 [INFO] [database.py:initialize_db:53] - Bắt đầu khởi tạo các bảng cơ sở dữ liệu...
2026-06-08 21:38:33,507 [DEBUG] [database.py:get_connection:19] - Đang kết nối tới SQLite Database: C:\Users\huytr\Documents\VS Code\Python\BTL\ltpt-btl-20261-tt02b_group-7\data\finance.db
2026-06-08 21:38:33,508 [DEBUG] [database.py:get_connection:22] - Kết nối SQLite thành công.
2026-06-08 21:38:33,508 [DEBUG] [database.py:initialize_db:59] - Đang tạo bảng transactions nếu chưa tồn tại...
2026-06-08 21:38:33,514 [DEBUG] [database.py:initialize_db:71] - Đang tạo bảng categories nếu chưa tồn tại...
2026-06-08 21:38:33,519 [DEBUG] [database.py:initialize_db:79] - Đang tạo bảng budgets nếu chưa tồn tại...
2026-06-08 21:38:33,523 [DEBUG] [database.py:initialize_db:90] - Đang tạo bảng savings_goals nếu chưa tồn tại...
2026-06-08 21:38:33,528 [DEBUG] [database.py:initialize_db:99] - Kiểm tra và nạp danh mục mặc định...
2026-06-08 21:38:33,528 [INFO] [database.py:initialize_db:103] - Nạp danh mục mặc định: ['Ăn uống', 'Di chuyển', 'Tiền thuê', 'Giải trí', 'Tiền lương', 'Khác']
2026-06-08 21:38:33,534 [INFO] [database.py:initialize_db:107] - Tất cả các bảng DB đã được khởi tạo và commit thành công.
2026-06-08 21:38:33,535 [DEBUG] [database.py:initialize_db:117] - Đã đóng kết nối Database an toàn.
2026-06-08 21:38:33,535 [INFO] [main.py:main:33] - Khởi tạo cơ sở dữ liệu thành công.
2026-06-08 21:38:33,535 [INFO] [main.py:main:41] - Đang khởi tạo các thành phần giao diện MVC...
2026-06-08 21:38:33,791 [INFO] [main_window.py:__init__:96] - MainWindow initialized and UI components rendered.
2026-06-08 21:38:33,791 [DEBUG] [finance_service.py:__init__:19] - Khởi tạo FinanceService thành công.
2026-06-08 21:38:33,791 [DEBUG] [main_controller.py:__init__:22] - Khởi tạo MainController kết nối với View và FinanceService.
2026-06-08 21:38:33,792 [INFO] [main_controller.py:load_initial_data:238] - Bắt đầu nạp dữ liệu ban đầu khi khởi động ứng dụng...
2026-06-08 21:38:33,792 [DEBUG] [main_controller.py:refresh_history:229] - Yêu cầu refresh danh sách lịch sử giao dịch hiển thị.
2026-06-08 21:38:33,792 [DEBUG] [finance_service.py:get_recent_transactions:280] - Gọi get_recent_transactions(limit=None, keyword='')
2026-06-08 21:38:33,792 [DEBUG] [database.py:get_connection:19] - Đang kết nối tới SQLite Database: C:\Users\huytr\Documents\VS Code\Python\BTL\ltpt-btl-20261-tt02b_group-7\data\finance.db
2026-06-08 21:38:33,793 [DEBUG] [database.py:get_connection:22] - Kết nối SQLite thành công.
2026-06-08 21:38:33,794 [DEBUG] [database.py:db_session:50] - Đã đóng kết nối Database an toàn qua db_session.
2026-06-08 21:38:33,794 [DEBUG] [finance_service.py:get_recent_transactions:300] - Lấy danh sách giao dịch gần đây thành công: Tìm thấy 0 bản ghi.
2026-06-08 21:38:33,794 [INFO] [main_window.py:apply_filters:328] - Bắt đầu thực hiện tìm kiếm / lọc giao dịch...
2026-06-08 21:38:33,821 [DEBUG] [main_window.py:task:357] - Đang chạy thread lọc dữ liệu ngầm. Từ khóa: '', Loại: 'Tất cả', Số lượng thô: 0
2026-06-08 21:38:33,821 [INFO] [main_controller.py:load_initial_data:241] - Nạp dữ liệu ban đầu hoàn tất.
2026-06-08 21:38:33,821 [INFO] [main.py:main:45] - Khởi tạo MVC hoàn tất.
2026-06-08 21:38:33,821 [INFO] [main.py:main:53] - Bắt đầu chạy mainloop của ứng dụng...
2026-06-08 21:38:34,173 [DEBUG] [main_window.py:task:425] - Thread lọc ngầm hoàn tất thành công. Số kết quả: 0
2026-06-08 21:38:34,247 [INFO] [main_window.py:_on_filter_success:442] - Đã cập nhật kết quả lọc lên giao diện. Tìm thấy 0 bản ghi.
2026-06-08 21:38:44,220 [INFO] [main_controller.py:import_csv:89] - Controller nhận yêu cầu nhập CSV từ: C:/Users/huytr/Downloads/transactions_1000.csv
2026-06-08 21:38:44,367 [INFO] [finance_service.py:import_from_csv:114] - Bắt đầu nhập giao dịch từ file CSV: C:/Users/huytr/Downloads/transactions_1000.csv
2026-06-08 21:38:44,377 [DEBUG] [finance_service.py:import_from_csv:118] - Đã đọc file CSV. Số dòng dữ liệu thô: 1000
2026-06-08 21:38:44,384 [DEBUG] [database.py:get_connection:19] - Đang kết nối tới SQLite Database: C:\Users\huytr\Documents\VS Code\Python\BTL\ltpt-btl-20261-tt02b_group-7\data\finance.db
2026-06-08 21:38:44,384 [DEBUG] [database.py:get_connection:22] - Kết nối SQLite thành công.
2026-06-08 21:38:44,392 [DEBUG] [database.py:db_session:39] - Database transaction committed thành công.
2026-06-08 21:38:44,392 [DEBUG] [database.py:db_session:50] - Đã đóng kết nối Database an toàn qua db_session.
2026-06-08 21:38:44,392 [INFO] [finance_service.py:import_from_csv:172] - Nhập dữ liệu thành công! Đã thêm 1000 dòng dữ liệu từ CSV vào bảng transactions.
2026-06-08 21:38:44,400 [INFO] [main_controller.py:_on_import_success:102] - Nhập dữ liệu CSV thành công từ background thread.
2026-06-08 21:38:44,444 [DEBUG] [main_controller.py:refresh_history:229] - Yêu cầu refresh danh sách lịch sử giao dịch hiển thị.
2026-06-08 21:38:44,444 [DEBUG] [finance_service.py:get_recent_transactions:280] - Gọi get_recent_transactions(limit=None, keyword='')
2026-06-08 21:38:44,444 [DEBUG] [database.py:get_connection:19] - Đang kết nối tới SQLite Database: C:\Users\huytr\Documents\VS Code\Python\BTL\ltpt-btl-20261-tt02b_group-7\data\finance.db
2026-06-08 21:38:44,446 [DEBUG] [database.py:get_connection:22] - Kết nối SQLite thành công.
2026-06-08 21:38:44,448 [DEBUG] [database.py:db_session:50] - Đã đóng kết nối Database an toàn qua db_session.
2026-06-08 21:38:44,448 [DEBUG] [finance_service.py:get_recent_transactions:300] - Lấy danh sách giao dịch gần đây thành công: Tìm thấy 1000 bản ghi.
2026-06-08 21:38:44,454 [INFO] [main_window.py:apply_filters:328] - Bắt đầu thực hiện tìm kiếm / lọc giao dịch...
2026-06-08 21:38:44,487 [DEBUG] [main_window.py:task:357] - Đang chạy thread lọc dữ liệu ngầm. Từ khóa: '', Loại: 'Tất cả', Số lượng thô: 1000
2026-06-08 21:38:44,495 [DEBUG] [main_window.py:task:408] - Đang sắp xếp ngầm danh sách đã lọc theo: 'Thời gian' (desc)
2026-06-08 21:38:44,855 [DEBUG] [main_window.py:task:425] - Thread lọc ngầm hoàn tất thành công. Số kết quả: 1000
2026-06-08 21:38:45,095 [INFO] [main_window.py:_on_filter_success:442] - Đã cập nhật kết quả lọc lên giao diện. Tìm thấy 1000 bản ghi.
2026-06-08 22:42:49,560 [INFO] [main.py:main:55] - Ứng dụng kết thúc bình thường.
2026-06-09 21:16:28,610 [INFO] [main.py:main:25] - =========================================
2026-06-09 21:16:28,610 [INFO] [main.py:main:26] - Khởi chạy ứng dụng Quản Lý Chi Tiêu Cá Nhân...
2026-06-09 21:16:28,610 [INFO] [main.py:main:27] - =========================================
2026-06-09 21:16:28,610 [INFO] [main.py:main:31] - Đang khởi tạo cơ sở dữ liệu...
2026-06-09 21:16:28,610 [INFO] [database.py:initialize_db:53] - Bắt đầu khởi tạo các bảng cơ sở dữ liệu...
2026-06-09 21:16:28,612 [DEBUG] [database.py:get_connection:19] - Đang kết nối tới SQLite Database: C:\Users\huytr\Documents\VS Code\Python\BTL\ltpt-btl-20261-tt02b_group-7\data\finance.db
2026-06-09 21:16:28,614 [DEBUG] [database.py:get_connection:22] - Kết nối SQLite thành công.
2026-06-09 21:16:28,614 [DEBUG] [database.py:initialize_db:59] - Đang tạo bảng transactions nếu chưa tồn tại...
2026-06-09 21:16:28,616 [DEBUG] [database.py:initialize_db:71] - Đang tạo bảng categories nếu chưa tồn tại...
2026-06-09 21:16:28,618 [DEBUG] [database.py:initialize_db:79] - Đang tạo bảng budgets nếu chưa tồn tại...
2026-06-09 21:16:28,618 [DEBUG] [database.py:initialize_db:90] - Đang tạo bảng savings_goals nếu chưa tồn tại...
2026-06-09 21:16:28,618 [DEBUG] [database.py:initialize_db:99] - Kiểm tra và nạp danh mục mặc định...
2026-06-09 21:16:28,618 [INFO] [database.py:initialize_db:107] - Tất cả các bảng DB đã được khởi tạo và commit thành công.
2026-06-09 21:16:28,618 [DEBUG] [database.py:initialize_db:117] - Đã đóng kết nối Database an toàn.
2026-06-09 21:16:28,618 [INFO] [main.py:main:33] - Khởi tạo cơ sở dữ liệu thành công.
2026-06-09 21:16:28,619 [INFO] [main.py:main:41] - Đang khởi tạo các thành phần giao diện MVC...
2026-06-09 21:16:29,678 [INFO] [main_window.py:__init__:96] - MainWindow initialized and UI components rendered.
2026-06-09 21:16:29,679 [DEBUG] [finance_service.py:__init__:19] - Khởi tạo FinanceService thành công.
2026-06-09 21:16:29,679 [DEBUG] [main_controller.py:__init__:22] - Khởi tạo MainController kết nối với View và FinanceService.
2026-06-09 21:16:29,679 [INFO] [main_controller.py:load_initial_data:238] - Bắt đầu nạp dữ liệu ban đầu khi khởi động ứng dụng...
2026-06-09 21:16:29,680 [DEBUG] [main_controller.py:refresh_history:229] - Yêu cầu refresh danh sách lịch sử giao dịch hiển thị.
2026-06-09 21:16:29,680 [DEBUG] [finance_service.py:get_recent_transactions:280] - Gọi get_recent_transactions(limit=None, keyword='')
2026-06-09 21:16:29,681 [DEBUG] [database.py:get_connection:19] - Đang kết nối tới SQLite Database: C:\Users\huytr\Documents\VS Code\Python\BTL\ltpt-btl-20261-tt02b_group-7\data\finance.db
2026-06-09 21:16:29,681 [DEBUG] [database.py:get_connection:22] - Kết nối SQLite thành công.
2026-06-09 21:16:29,685 [DEBUG] [database.py:db_session:50] - Đã đóng kết nối Database an toàn qua db_session.
2026-06-09 21:16:29,685 [DEBUG] [finance_service.py:get_recent_transactions:300] - Lấy danh sách giao dịch gần đây thành công: Tìm thấy 1000 bản ghi.
2026-06-09 21:16:29,694 [INFO] [main_window.py:apply_filters:328] - Bắt đầu thực hiện tìm kiếm / lọc giao dịch...
2026-06-09 21:16:29,726 [DEBUG] [main_window.py:task:357] - Đang chạy thread lọc dữ liệu ngầm. Từ khóa: '', Loại: 'Tất cả', Số lượng thô: 1000
2026-06-09 21:16:29,731 [DEBUG] [main_window.py:task:408] - Đang sắp xếp ngầm danh sách đã lọc theo: 'Thời gian' (desc)
2026-06-09 21:16:29,726 [INFO] [main_controller.py:load_initial_data:241] - Nạp dữ liệu ban đầu hoàn tất.
2026-06-09 21:16:29,736 [INFO] [main.py:main:45] - Khởi tạo MVC hoàn tất.
2026-06-09 21:16:29,736 [INFO] [main.py:main:53] - Bắt đầu chạy mainloop của ứng dụng...
2026-06-09 21:16:30,087 [DEBUG] [main_window.py:task:425] - Thread lọc ngầm hoàn tất thành công. Số kết quả: 1000
2026-06-09 21:16:30,285 [INFO] [main_window.py:_on_filter_success:442] - Đã cập nhật kết quả lọc lên giao diện. Tìm thấy 1000 bản ghi.
2026-06-09 21:16:34,531 [DEBUG] [main_controller.py:get_categories:247] - Gọi get_categories() từ View.
2026-06-09 21:16:34,531 [DEBUG] [finance_service.py:get_categories:22] - Gọi get_categories()
2026-06-09 21:16:34,531 [DEBUG] [database.py:get_connection:19] - Đang kết nối tới SQLite Database: C:\Users\huytr\Documents\VS Code\Python\BTL\ltpt-btl-20261-tt02b_group-7\data\finance.db
2026-06-09 21:16:34,531 [DEBUG] [database.py:get_connection:22] - Kết nối SQLite thành công.
2026-06-09 21:16:34,531 [DEBUG] [database.py:db_session:50] - Đã đóng kết nối Database an toàn qua db_session.
2026-06-09 21:16:34,531 [DEBUG] [finance_service.py:get_categories:29] - Kết quả get_categories(): Lấy ra 6 danh mục.
2026-06-09 21:16:44,955 [INFO] [main.py:main:55] - Ứng dụng kết thúc bình thường.
2026-06-09 21:22:29,609 [INFO] [main.py:main:25] - =========================================
2026-06-09 21:22:29,609 [INFO] [main.py:main:26] - Khởi chạy ứng dụng Quản Lý Chi Tiêu Cá Nhân...
2026-06-09 21:22:29,609 [INFO] [main.py:main:27] - =========================================
2026-06-09 21:22:29,610 [INFO] [main.py:main:31] - Đang khởi tạo cơ sở dữ liệu...
2026-06-09 21:22:29,610 [INFO] [database.py:initialize_db:53] - Bắt đầu khởi tạo các bảng cơ sở dữ liệu...
2026-06-09 21:22:29,610 [DEBUG] [database.py:get_connection:19] - Đang kết nối tới SQLite Database: C:\Users\huytr\Documents\VS Code\Python\BTL\ltpt-btl-20261-tt02b_group-7\data\finance.db
2026-06-09 21:22:29,610 [DEBUG] [database.py:get_connection:22] - Kết nối SQLite thành công.
2026-06-09 21:22:29,610 [DEBUG] [database.py:initialize_db:59] - Đang tạo bảng transactions nếu chưa tồn tại...
2026-06-09 21:22:29,610 [DEBUG] [database.py:initialize_db:71] - Đang tạo bảng categories nếu chưa tồn tại...
2026-06-09 21:22:29,610 [DEBUG] [database.py:initialize_db:79] - Đang tạo bảng budgets nếu chưa tồn tại...
2026-06-09 21:22:29,610 [DEBUG] [database.py:initialize_db:90] - Đang tạo bảng savings_goals nếu chưa tồn tại...
2026-06-09 21:22:29,610 [DEBUG] [database.py:initialize_db:99] - Kiểm tra và nạp danh mục mặc định...
2026-06-09 21:22:29,610 [INFO] [database.py:initialize_db:107] - Tất cả các bảng DB đã được khởi tạo và commit thành công.
2026-06-09 21:22:29,610 [DEBUG] [database.py:initialize_db:117] - Đã đóng kết nối Database an toàn.
2026-06-09 21:22:29,610 [INFO] [main.py:main:33] - Khởi tạo cơ sở dữ liệu thành công.
2026-06-09 21:22:29,610 [INFO] [main.py:main:41] - Đang khởi tạo các thành phần giao diện MVC...
2026-06-09 21:22:29,838 [INFO] [main_window.py:__init__:96] - MainWindow initialized and UI components rendered.
2026-06-09 21:22:29,839 [DEBUG] [finance_service.py:__init__:19] - Khởi tạo FinanceService thành công.
2026-06-09 21:22:29,839 [DEBUG] [main_controller.py:__init__:22] - Khởi tạo MainController kết nối với View và FinanceService.
2026-06-09 21:22:29,839 [INFO] [main_controller.py:load_initial_data:238] - Bắt đầu nạp dữ liệu ban đầu khi khởi động ứng dụng...
2026-06-09 21:22:29,839 [DEBUG] [main_controller.py:refresh_history:229] - Yêu cầu refresh danh sách lịch sử giao dịch hiển thị.
2026-06-09 21:22:29,839 [DEBUG] [finance_service.py:get_recent_transactions:280] - Gọi get_recent_transactions(limit=None, keyword='')
2026-06-09 21:22:29,839 [DEBUG] [database.py:get_connection:19] - Đang kết nối tới SQLite Database: C:\Users\huytr\Documents\VS Code\Python\BTL\ltpt-btl-20261-tt02b_group-7\data\finance.db
2026-06-09 21:22:29,840 [DEBUG] [database.py:get_connection:22] - Kết nối SQLite thành công.
2026-06-09 21:22:29,843 [DEBUG] [database.py:db_session:50] - Đã đóng kết nối Database an toàn qua db_session.
2026-06-09 21:22:29,843 [DEBUG] [finance_service.py:get_recent_transactions:300] - Lấy danh sách giao dịch gần đây thành công: Tìm thấy 1000 bản ghi.
2026-06-09 21:22:29,851 [INFO] [main_window.py:apply_filters:328] - Bắt đầu thực hiện tìm kiếm / lọc giao dịch...
2026-06-09 21:22:29,882 [DEBUG] [main_window.py:task:357] - Đang chạy thread lọc dữ liệu ngầm. Từ khóa: '', Loại: 'Tất cả', Số lượng thô: 1000
2026-06-09 21:22:29,882 [INFO] [main_controller.py:load_initial_data:241] - Nạp dữ liệu ban đầu hoàn tất.
2026-06-09 21:22:29,889 [DEBUG] [main_window.py:task:408] - Đang sắp xếp ngầm danh sách đã lọc theo: 'Thời gian' (desc)
2026-06-09 21:22:29,889 [INFO] [main.py:main:45] - Khởi tạo MVC hoàn tất.
2026-06-09 21:22:29,894 [INFO] [main.py:main:53] - Bắt đầu chạy mainloop của ứng dụng...
2026-06-09 21:22:30,245 [DEBUG] [main_window.py:task:425] - Thread lọc ngầm hoàn tất thành công. Số kết quả: 1000
2026-06-09 21:22:30,458 [INFO] [main_window.py:_on_filter_success:442] - Đã cập nhật kết quả lọc lên giao diện. Tìm thấy 1000 bản ghi.
2026-06-09 21:22:36,025 [DEBUG] [main_controller.py:get_categories:247] - Gọi get_categories() từ View.
2026-06-09 21:22:36,025 [DEBUG] [finance_service.py:get_categories:22] - Gọi get_categories()
2026-06-09 21:22:36,025 [DEBUG] [database.py:get_connection:19] - Đang kết nối tới SQLite Database: C:\Users\huytr\Documents\VS Code\Python\BTL\ltpt-btl-20261-tt02b_group-7\data\finance.db
2026-06-09 21:22:36,025 [DEBUG] [database.py:get_connection:22] - Kết nối SQLite thành công.
2026-06-09 21:22:36,025 [DEBUG] [database.py:db_session:50] - Đã đóng kết nối Database an toàn qua db_session.
2026-06-09 21:22:36,025 [DEBUG] [finance_service.py:get_categories:29] - Kết quả get_categories(): Lấy ra 6 danh mục.
2026-06-09 21:22:42,056 [DEBUG] [main_controller.py:get_categories:247] - Gọi get_categories() từ View.
2026-06-09 21:22:42,056 [DEBUG] [finance_service.py:get_categories:22] - Gọi get_categories()
2026-06-09 21:22:42,057 [DEBUG] [database.py:get_connection:19] - Đang kết nối tới SQLite Database: C:\Users\huytr\Documents\VS Code\Python\BTL\ltpt-btl-20261-tt02b_group-7\data\finance.db
2026-06-09 21:22:42,057 [DEBUG] [database.py:get_connection:22] - Kết nối SQLite thành công.
2026-06-09 21:22:42,058 [DEBUG] [database.py:db_session:50] - Đã đóng kết nối Database an toàn qua db_session.
2026-06-09 21:22:42,058 [DEBUG] [finance_service.py:get_categories:29] - Kết quả get_categories(): Lấy ra 6 danh mục.
2026-06-09 21:25:21,028 [INFO] [main.py:main:55] - Ứng dụng kết thúc bình thường.
2026-06-09 21:26:02,912 [INFO] [main.py:main:25] - =========================================
2026-06-09 21:26:02,912 [INFO] [main.py:main:26] - Khởi chạy ứng dụng Quản Lý Chi Tiêu Cá Nhân...
2026-06-09 21:26:02,913 [INFO] [main.py:main:27] - =========================================
2026-06-09 21:26:02,913 [INFO] [main.py:main:31] - Đang khởi tạo cơ sở dữ liệu...
2026-06-09 21:26:02,913 [INFO] [database.py:initialize_db:53] - Bắt đầu khởi tạo các bảng cơ sở dữ liệu...
2026-06-09 21:26:02,913 [DEBUG] [database.py:get_connection:19] - Đang kết nối tới SQLite Database: C:\Users\huytr\Documents\VS Code\Python\BTL\ltpt-btl-20261-tt02b_group-7\data\finance.db
2026-06-09 21:26:02,913 [DEBUG] [database.py:get_connection:22] - Kết nối SQLite thành công.
2026-06-09 21:26:02,913 [DEBUG] [database.py:initialize_db:59] - Đang tạo bảng transactions nếu chưa tồn tại...
2026-06-09 21:26:02,914 [DEBUG] [database.py:initialize_db:71] - Đang tạo bảng categories nếu chưa tồn tại...
2026-06-09 21:26:02,914 [DEBUG] [database.py:initialize_db:79] - Đang tạo bảng budgets nếu chưa tồn tại...
2026-06-09 21:26:02,914 [DEBUG] [database.py:initialize_db:90] - Đang tạo bảng savings_goals nếu chưa tồn tại...
2026-06-09 21:26:02,914 [DEBUG] [database.py:initialize_db:99] - Kiểm tra và nạp danh mục mặc định...
2026-06-09 21:26:02,914 [INFO] [database.py:initialize_db:107] - Tất cả các bảng DB đã được khởi tạo và commit thành công.
2026-06-09 21:26:02,914 [DEBUG] [database.py:initialize_db:117] - Đã đóng kết nối Database an toàn.
2026-06-09 21:26:02,914 [INFO] [main.py:main:33] - Khởi tạo cơ sở dữ liệu thành công.
2026-06-09 21:26:02,914 [INFO] [main.py:main:41] - Đang khởi tạo các thành phần giao diện MVC...
2026-06-09 21:26:03,118 [INFO] [main_window.py:__init__:96] - MainWindow initialized and UI components rendered.
2026-06-09 21:26:03,118 [DEBUG] [finance_service.py:__init__:19] - Khởi tạo FinanceService thành công.
2026-06-09 21:26:03,119 [DEBUG] [main_controller.py:__init__:22] - Khởi tạo MainController kết nối với View và FinanceService.
2026-06-09 21:26:03,119 [INFO] [main_controller.py:load_initial_data:238] - Bắt đầu nạp dữ liệu ban đầu khi khởi động ứng dụng...
2026-06-09 21:26:03,119 [DEBUG] [main_controller.py:refresh_history:229] - Yêu cầu refresh danh sách lịch sử giao dịch hiển thị.
2026-06-09 21:26:03,119 [DEBUG] [finance_service.py:get_recent_transactions:280] - Gọi get_recent_transactions(limit=None, keyword='')
2026-06-09 21:26:03,119 [DEBUG] [database.py:get_connection:19] - Đang kết nối tới SQLite Database: C:\Users\huytr\Documents\VS Code\Python\BTL\ltpt-btl-20261-tt02b_group-7\data\finance.db
2026-06-09 21:26:03,119 [DEBUG] [database.py:get_connection:22] - Kết nối SQLite thành công.
2026-06-09 21:26:03,122 [DEBUG] [database.py:db_session:50] - Đã đóng kết nối Database an toàn qua db_session.
2026-06-09 21:26:03,122 [DEBUG] [finance_service.py:get_recent_transactions:300] - Lấy danh sách giao dịch gần đây thành công: Tìm thấy 1000 bản ghi.
2026-06-09 21:26:03,129 [INFO] [main_window.py:apply_filters:328] - Bắt đầu thực hiện tìm kiếm / lọc giao dịch...
2026-06-09 21:26:03,154 [DEBUG] [main_window.py:task:357] - Đang chạy thread lọc dữ liệu ngầm. Từ khóa: '', Loại: 'Tất cả', Số lượng thô: 1000
2026-06-09 21:26:03,161 [DEBUG] [main_window.py:task:408] - Đang sắp xếp ngầm danh sách đã lọc theo: 'Thời gian' (desc)
2026-06-09 21:26:03,165 [INFO] [main_controller.py:load_initial_data:241] - Nạp dữ liệu ban đầu hoàn tất.
2026-06-09 21:26:03,165 [INFO] [main.py:main:45] - Khởi tạo MVC hoàn tất.
2026-06-09 21:26:03,165 [INFO] [main.py:main:53] - Bắt đầu chạy mainloop của ứng dụng...
2026-06-09 21:26:03,515 [DEBUG] [main_window.py:task:425] - Thread lọc ngầm hoàn tất thành công. Số kết quả: 1000
2026-06-09 21:26:03,715 [INFO] [main_window.py:_on_filter_success:442] - Đã cập nhật kết quả lọc lên giao diện. Tìm thấy 1000 bản ghi.
2026-06-09 21:26:13,718 [INFO] [main.py:main:55] - Ứng dụng kết thúc bình thường.
2026-06-09 21:26:40,613 [INFO] [main.py:main:25] - =========================================
2026-06-09 21:26:40,614 [INFO] [main.py:main:26] - Khởi chạy ứng dụng Quản Lý Chi Tiêu Cá Nhân...
2026-06-09 21:26:40,614 [INFO] [main.py:main:27] - =========================================
2026-06-09 21:26:40,614 [INFO] [main.py:main:31] - Đang khởi tạo cơ sở dữ liệu...
2026-06-09 21:26:40,615 [INFO] [database.py:initialize_db:53] - Bắt đầu khởi tạo các bảng cơ sở dữ liệu...
2026-06-09 21:26:40,615 [DEBUG] [database.py:get_connection:19] - Đang kết nối tới SQLite Database: C:\Users\huytr\Documents\VS Code\Python\BTL\ltpt-btl-20261-tt02b_group-7\data\finance.db
2026-06-09 21:26:40,615 [DEBUG] [database.py:get_connection:22] - Kết nối SQLite thành công.
2026-06-09 21:26:40,616 [DEBUG] [database.py:initialize_db:59] - Đang tạo bảng transactions nếu chưa tồn tại...
2026-06-09 21:26:40,616 [DEBUG] [database.py:initialize_db:71] - Đang tạo bảng categories nếu chưa tồn tại...
2026-06-09 21:26:40,616 [DEBUG] [database.py:initialize_db:79] - Đang tạo bảng budgets nếu chưa tồn tại...
2026-06-09 21:26:40,616 [DEBUG] [database.py:initialize_db:90] - Đang tạo bảng savings_goals nếu chưa tồn tại...
2026-06-09 21:26:40,616 [DEBUG] [database.py:initialize_db:99] - Kiểm tra và nạp danh mục mặc định...
2026-06-09 21:26:40,616 [INFO] [database.py:initialize_db:107] - Tất cả các bảng DB đã được khởi tạo và commit thành công.
2026-06-09 21:26:40,616 [DEBUG] [database.py:initialize_db:117] - Đã đóng kết nối Database an toàn.
2026-06-09 21:26:40,616 [INFO] [main.py:main:33] - Khởi tạo cơ sở dữ liệu thành công.
2026-06-09 21:26:40,617 [INFO] [main.py:main:41] - Đang khởi tạo các thành phần giao diện MVC...
2026-06-09 21:26:40,834 [INFO] [main_window.py:__init__:96] - MainWindow initialized and UI components rendered.
2026-06-09 21:26:40,834 [DEBUG] [finance_service.py:__init__:19] - Khởi tạo FinanceService thành công.
2026-06-09 21:26:40,834 [DEBUG] [main_controller.py:__init__:22] - Khởi tạo MainController kết nối với View và FinanceService.
2026-06-09 21:26:40,835 [INFO] [main_controller.py:load_initial_data:238] - Bắt đầu nạp dữ liệu ban đầu khi khởi động ứng dụng...
2026-06-09 21:26:40,835 [DEBUG] [main_controller.py:refresh_history:229] - Yêu cầu refresh danh sách lịch sử giao dịch hiển thị.
2026-06-09 21:26:40,835 [DEBUG] [finance_service.py:get_recent_transactions:280] - Gọi get_recent_transactions(limit=None, keyword='')
2026-06-09 21:26:40,835 [DEBUG] [database.py:get_connection:19] - Đang kết nối tới SQLite Database: C:\Users\huytr\Documents\VS Code\Python\BTL\ltpt-btl-20261-tt02b_group-7\data\finance.db
2026-06-09 21:26:40,835 [DEBUG] [database.py:get_connection:22] - Kết nối SQLite thành công.
2026-06-09 21:26:40,839 [DEBUG] [database.py:db_session:50] - Đã đóng kết nối Database an toàn qua db_session.
2026-06-09 21:26:40,839 [DEBUG] [finance_service.py:get_recent_transactions:300] - Lấy danh sách giao dịch gần đây thành công: Tìm thấy 1000 bản ghi.
2026-06-09 21:26:40,846 [INFO] [main_window.py:apply_filters:328] - Bắt đầu thực hiện tìm kiếm / lọc giao dịch...
2026-06-09 21:26:40,874 [DEBUG] [main_window.py:task:357] - Đang chạy thread lọc dữ liệu ngầm. Từ khóa: '', Loại: 'Tất cả', Số lượng thô: 1000
2026-06-09 21:26:40,878 [DEBUG] [main_window.py:task:408] - Đang sắp xếp ngầm danh sách đã lọc theo: 'Thời gian' (desc)
2026-06-09 21:26:40,874 [INFO] [main_controller.py:load_initial_data:241] - Nạp dữ liệu ban đầu hoàn tất.
2026-06-09 21:26:40,883 [INFO] [main.py:main:45] - Khởi tạo MVC hoàn tất.
2026-06-09 21:26:40,883 [INFO] [main.py:main:53] - Bắt đầu chạy mainloop của ứng dụng...
2026-06-09 21:26:41,233 [DEBUG] [main_window.py:task:425] - Thread lọc ngầm hoàn tất thành công. Số kết quả: 1000
2026-06-09 21:26:41,432 [INFO] [main_window.py:_on_filter_success:442] - Đã cập nhật kết quả lọc lên giao diện. Tìm thấy 1000 bản ghi.
2026-06-09 21:26:47,324 [DEBUG] [finance_service.py:get_all_transactions:220] - Gọi get_all_transactions()
2026-06-09 21:26:47,325 [DEBUG] [database.py:get_connection:19] - Đang kết nối tới SQLite Database: C:\Users\huytr\Documents\VS Code\Python\BTL\ltpt-btl-20261-tt02b_group-7\data\finance.db
2026-06-09 21:26:47,325 [DEBUG] [database.py:get_connection:22] - Kết nối SQLite thành công.
2026-06-09 21:26:47,335 [DEBUG] [database.py:db_session:50] - Đã đóng kết nối Database an toàn qua db_session.
2026-06-09 21:26:47,348 [DEBUG] [finance_service.py:get_all_transactions:228] - Kết quả get_all_transactions(): Lấy ra 1000 giao dịch.
2026-06-09 21:26:48,020 [INFO] [main_controller.py:refresh_dashboard:202] - Yêu cầu cập nhật biểu đồ Dashboard hệ thống.
2026-06-09 21:26:48,597 [DEBUG] [finance_service.py:get_expenses_by_category:235] - Gọi get_expenses_by_category()
2026-06-09 21:26:48,598 [DEBUG] [finance_service.py:get_all_transactions:220] - Gọi get_all_transactions()
2026-06-09 21:26:48,599 [DEBUG] [database.py:get_connection:19] - Đang kết nối tới SQLite Database: C:\Users\huytr\Documents\VS Code\Python\BTL\ltpt-btl-20261-tt02b_group-7\data\finance.db
2026-06-09 21:26:48,599 [DEBUG] [database.py:get_connection:22] - Kết nối SQLite thành công.
2026-06-09 21:26:48,602 [DEBUG] [database.py:db_session:50] - Đã đóng kết nối Database an toàn qua db_session.
2026-06-09 21:26:48,603 [DEBUG] [finance_service.py:get_all_transactions:228] - Kết quả get_all_transactions(): Lấy ra 1000 giao dịch.
2026-06-09 21:26:48,613 [DEBUG] [finance_service.py:get_expenses_by_category:248] - Tính cơ cấu chi tiêu thành công. Số nhóm chi tiêu: 8
2026-06-09 21:26:48,613 [DEBUG] [finance_service.py:get_spending_trend:255] - Gọi get_spending_trend() - chạy biểu đồ xu hướng chi tiêu
2026-06-09 21:26:48,613 [DEBUG] [finance_service.py:get_all_transactions:220] - Gọi get_all_transactions()
2026-06-09 21:26:48,614 [DEBUG] [database.py:get_connection:19] - Đang kết nối tới SQLite Database: C:\Users\huytr\Documents\VS Code\Python\BTL\ltpt-btl-20261-tt02b_group-7\data\finance.db
2026-06-09 21:26:48,614 [DEBUG] [database.py:get_connection:22] - Kết nối SQLite thành công.
2026-06-09 21:26:48,617 [DEBUG] [database.py:db_session:50] - Đã đóng kết nối Database an toàn qua db_session.
2026-06-09 21:26:48,619 [DEBUG] [finance_service.py:get_all_transactions:228] - Kết quả get_all_transactions(): Lấy ra 1000 giao dịch.
2026-06-09 21:26:48,627 [DEBUG] [finance_service.py:get_spending_trend:273] - Tính toán xu hướng chi tiêu thành công. Số tháng: 5
2026-06-09 21:26:48,628 [INFO] [main_controller.py:_on_dashboard_success:216] - Tải dữ liệu biểu đồ Dashboard thành công.
2026-06-09 21:26:48,854 [INFO] [stats_tab.py:update_charts:159] - Vẽ lại biểu đồ thống kê theo tháng: None
2026-06-09 21:26:48,863 [DEBUG] [finance_service.py:get_all_transactions:220] - Gọi get_all_transactions()
2026-06-09 21:26:48,863 [DEBUG] [database.py:get_connection:19] - Đang kết nối tới SQLite Database: C:\Users\huytr\Documents\VS Code\Python\BTL\ltpt-btl-20261-tt02b_group-7\data\finance.db
2026-06-09 21:26:48,863 [DEBUG] [database.py:get_connection:22] - Kết nối SQLite thành công.
2026-06-09 21:26:48,866 [DEBUG] [database.py:db_session:50] - Đã đóng kết nối Database an toàn qua db_session.
2026-06-09 21:26:48,867 [DEBUG] [finance_service.py:get_all_transactions:228] - Kết quả get_all_transactions(): Lấy ra 1000 giao dịch.
2026-06-09 21:26:56,052 [INFO] [dashboard_window.py:_on_window_destroy:162] - Giải phóng tài nguyên biểu đồ của DashboardWindow và các Tabs con
2026-06-09 21:26:56,052 [INFO] [stats_tab.py:cleanup:573] - Giải phóng tài nguyên biểu đồ của StatsTab
2026-06-09 21:26:56,052 [INFO] [budget_tab.py:cleanup:498] - Giải phóng tài nguyên biểu đồ của BudgetTab
2026-06-09 21:26:56,052 [INFO] [alerts_tab.py:cleanup:229] - Giải phóng tài nguyên biểu đồ của AlertsTab
2026-06-09 21:26:56,052 [INFO] [savings_tab.py:cleanup:338] - Giải phóng tài nguyên biểu đồ của SavingsTab
2026-06-09 21:28:24,771 [INFO] [main.py:main:55] - Ứng dụng kết thúc bình thường.
